<?xml version="1.0" encoding="UTF-8"?>
<testsuite name="agh.ics.oop.RectangularMapTest" tests="4" skipped="0" failures="0" errors="0" timestamp="2022-11-19T13:09:15" hostname="DESKTOP-3J3T1I2" time="0.041">
  <properties/>
  <testcase name="canMoveTo()" classname="agh.ics.oop.RectangularMapTest" time="0.021"/>
  <testcase name="isOccupied()" classname="agh.ics.oop.RectangularMapTest" time="0.003"/>
  <testcase name="objectAt()" classname="agh.ics.oop.RectangularMapTest" time="0.005"/>
  <testcase name="place()" classname="agh.ics.oop.RectangularMapTest" time="0.008"/>
  <system-out><![CDATA[ y\x  1 2
  4: -----
  3: | |N|
  2: |N| |
  1: -----

 y\x  1 2
  4: -----
  3: |N|N|
  2: | | |
  1: -----

 y\x  1 2
  4: -----
  3: |N|W|
  2: | | |
  1: -----

 y\x  1 2
  4: -----
  3: |E|W|
  2: | | |
  1: -----

 y\x  1 2
  4: -----
  3: |E|W|
  2: | | |
  1: -----

 y\x  1 2
  4: -----
  3: |E|W|
  2: | | |
  1: -----

 y\x  1 2
  4: -----
  3: | |N|
  2: |N| |
  1: -----

 y\x  1 2
  4: -----
  3: |N|N|
  2: | | |
  1: -----

 y\x  1 2
  4: -----
  3: |N|W|
  2: | | |
  1: -----

 y\x  1 2
  4: -----
  3: |E|W|
  2: | | |
  1: -----

 y\x  1 2
  4: -----
  3: |E|W|
  2: | | |
  1: -----

 y\x  1 2
  4: -----
  3: |E|W|
  2: | | |
  1: -----

 y\x  1 2
  4: -----
  3: | |N|
  2: |N| |
  1: -----

 y\x  1 2
  4: -----
  3: |N|N|
  2: | | |
  1: -----

 y\x  1 2
  4: -----
  3: |N|W|
  2: | | |
  1: -----

 y\x  1 2
  4: -----
  3: |E|W|
  2: | | |
  1: -----

 y\x  1 2
  4: -----
  3: |E|W|
  2: | | |
  1: -----

 y\x  1 2
  4: -----
  3: |E|W|
  2: | | |
  1: -----

 y\x  1 2
  4: -----
  3: | |N|
  2: |N| |
  1: -----

 y\x  1 2
  4: -----
  3: |N|N|
  2: | | |
  1: -----

 y\x  1 2
  4: -----
  3: |N|W|
  2: | | |
  1: -----

 y\x  1 2
  4: -----
  3: |E|W|
  2: | | |
  1: -----

 y\x  1 2
  4: -----
  3: |E|W|
  2: | | |
  1: -----

 y\x  1 2
  4: -----
  3: |E|W|
  2: | | |
  1: -----

 y\x  1 2
  4: -----
  3: |E|W|
  2: | |N|
  1: -----

 y\x  1 2
  4: -----
  3: |E|W|
  2: | |N|
  1: -----

 y\x  1 2
  4: -----
  3: |E|W|
  2: | |N|
  1: -----

 y\x  1 2
  4: -----
  3: |E|S|
  2: | |N|
  1: -----

 y\x  1 2
  4: -----
  3: |E|S|
  2: | |E|
  1: -----

 y\x  1 2
  4: -----
  3: |E|S|
  2: | |E|
  1: -----

 y\x  1 2
  4: -----
  3: |E|S|
  2: | |E|
  1: -----

]]></system-out>
  <system-err><![CDATA[]]></system-err>
</testsuite>
