<?xml version="1.0" encoding="UTF-8"?>
<testsuite name="agh.ics.oop.SimulationEngineTest" tests="1" skipped="0" failures="0" errors="0" timestamp="2022-11-19T15:05:33" hostname="DESKTOP-3J3T1I2" time="0.098">
  <properties/>
  <testcase name="run()" classname="agh.ics.oop.SimulationEngineTest" time="0.098"/>
  <system-out><![CDATA[ y\x  1 2
  4: -----
  3: | |N|
  2: |N| |
  1: -----

 y\x  2
  4: ---
  3: |N|
  2: |N|
  1: ---

 y\x  2
  4: ---
  3: |N|
  2: |N|
  1: ---

 y\x  2
  5: ---
  4: |N|
  3: | |
  2: |N|
  1: ---

 y\x  2
  5: ---
  4: |N|
  3: |N|
  2: ---

 y\x  2
  6: ---
  5: |N|
  4: | |
  3: |N|
  2: ---

 y\x  2
  6: ---
  5: |N|
  4: | |
  3: | |
  2: |N|
  1: ---

 y\x  2
  5: ---
  4: |N|
  3: | |
  2: |N|
  1: ---

 y\x  2
  5: ---
  4: |N|
  3: | |
  2: |W|
  1: ---

 y\x  2
  6: ---
  5: |N|
  4: | |
  3: | |
  2: |W|
  1: ---

 y\x  1 2
  6: -----
  5: | |N|
  4: | | |
  3: | | |
  2: |W| |
  1: -----

 y\x  1 2 3
  4: -------
  3: | |N| |
  2: |N| | |
  1: | | |N|
  0: -------

 y\x  1 2 3
  4: -------
  3: |N|N| |
  2: | | | |
  1: | | |N|
  0: -------

 y\x  1 2 3
  4: -------
  3: |N| | |
  2: | |N| |
  1: | | |N|
  0: -------

 y\x  1 2 3
  4: -------
  3: |N| | |
  2: | |N| |
  1: | | | |
  0: | | |N|
 -1: -------

 y\x  1 2 3
  4: -------
  3: |W| | |
  2: | |N| |
  1: | | | |
  0: | | |N|
 -1: -------

 y\x  1 2 3
  4: -------
  3: |W| | |
  2: | |E| |
  1: | | | |
  0: | | |N|
 -1: -------

 y\x  1 2 3
  4: -------
  3: |W| | |
  2: | |E| |
  1: | | | |
  0: | | |N|
 -1: -------

 y\x  0 1 2 3
  4: ---------
  3: |W| | | |
  2: | | |E| |
  1: | | | | |
  0: | | | |N|
 -1: ---------

 y\x  0 1 2 3
  4: ---------
  3: |W| | | |
  2: | | | |E|
  1: | | | | |
  0: | | | |N|
 -1: ---------

 y\x  0 1 2 3
  4: ---------
  3: |W| | | |
  2: | | | |E|
  1: | | | |N|
  0: ---------

 y\x  0 1 2 3
  4: ---------
  3: |W| | | |
  2: | | | |E|
  1: | | | |N|
  0: ---------

]]></system-out>
  <system-err><![CDATA[]]></system-err>
</testsuite>
