<?xml version="1.0" encoding="UTF-8"?>
<testsuite name="agh.ics.oop.Vector2dTest" tests="9" skipped="0" failures="0" errors="0" timestamp="2022-12-10T16:54:33" hostname="DESKTOP-3J3T1I2" time="0.059">
  <properties/>
  <testcase name="substractTest()" classname="agh.ics.oop.Vector2dTest" time="0.029"/>
  <testcase name="upperRightTest()" classname="agh.ics.oop.Vector2dTest" time="0.001"/>
  <testcase name="addTest()" classname="agh.ics.oop.Vector2dTest" time="0.001"/>
  <testcase name="precedesTest()" classname="agh.ics.oop.Vector2dTest" time="0.003"/>
  <testcase name="testToString()" classname="agh.ics.oop.Vector2dTest" time="0.01"/>
  <testcase name="oppositeTest()" classname="agh.ics.oop.Vector2dTest" time="0.003"/>
  <testcase name="lowerLeftTest()" classname="agh.ics.oop.Vector2dTest" time="0.001"/>
  <testcase name="testEquals()" classname="agh.ics.oop.Vector2dTest" time="0.003"/>
  <testcase name="followsTest()" classname="agh.ics.oop.Vector2dTest" time="0.001"/>
  <system-out><![CDATA[]]></system-out>
  <system-err><![CDATA[]]></system-err>
</testsuite>
