<?xml version="1.0" encoding="UTF-8"?>
<testsuite name="agh.ics.oop.GrassFieldTest" tests="3" skipped="0" failures="0" errors="0" timestamp="2022-11-19T15:16:52" hostname="DESKTOP-3J3T1I2" time="0.114">
  <properties/>
  <testcase name="isOccupied()" classname="agh.ics.oop.GrassFieldTest" time="0.071"/>
  <testcase name="objectAt()" classname="agh.ics.oop.GrassFieldTest" time="0.028"/>
  <testcase name="checkUniq()" classname="agh.ics.oop.GrassFieldTest" time="0.01"/>
  <system-out><![CDATA[ y\x  0 1 2 3 4 5 6 7 8 910
 11: -----------------------
 10: | | | | | | |*| |*| | |
  9: | | | | | | | |*|*| | |
  8: | |*| | | | | | | | | |
  7: | | | | | | | | | | | |
  6: | | | |*| | | | | | |*|
  5: |*| | | | | | |*| | | |
  4: | | | | | | |*| | | | |
  3: | | |N| | | | | | | | |
  2: | |N|*| | | | | | | | |
  1: | |*| | | | | | | | | |
  0: -----------------------

 y\x  0 1 2 3 4 5 6 7 8 910
 11: -----------------------
 10: | | | | | | |*| |*| | |
  9: | | | | | | | |*|*| | |
  8: | |*| | | | | | | | | |
  7: | | | | | | | | | | | |
  6: | | | |*| | | | | | |*|
  5: |*| | | | | | |*| | | |
  4: | | | | | | |*| | | | |
  3: | |N|N| | | | | | | | |
  2: | | |*| | | | | | | | |
  1: | |*| | | | | | | | | |
  0: -----------------------

 y\x  0 1 2 3 4 5 6 7 8 910
 11: -----------------------
 10: | | | | | | |*| |*| | |
  9: | | | | | | | |*|*| | |
  8: | |*| | | | | | | | | |
  7: | | | | | | | | | | | |
  6: | | | |*| | | | | | |*|
  5: |*| | | | | | |*| | | |
  4: | | | | | | |*| | | | |
  3: | |N|W| | | | | | | | |
  2: | | |*| | | | | | | | |
  1: | |*| | | | | | | | | |
  0: -----------------------

 y\x  0 1 2 3 4 5 6 7 8 910
 11: -----------------------
 10: | | | | | | |*| |*| | |
  9: | | | | | | | |*|*| | |
  8: | |*| | | | | | | | | |
  7: | | | | | | | | | | | |
  6: | | | |*| | | | | | |*|
  5: |*| | | | | | |*| | | |
  4: | | | | | | |*| | | | |
  3: | |E|W| | | | | | | | |
  2: | | |*| | | | | | | | |
  1: | |*| | | | | | | | | |
  0: -----------------------

 y\x  0 1 2 3 4 5 6 7 8 910
 11: -----------------------
 10: | | | | | | |*| |*| | |
  9: | | | | | | | |*|*| | |
  8: | |*| | | | | | | | | |
  7: | | | | | | | | | | | |
  6: | | | |*| | | | | | |*|
  5: |*| | | | | | |*| | | |
  4: | | | | | | |*| | | | |
  3: | |E|W| | | | | | | | |
  2: | | |*| | | | | | | | |
  1: | |*| | | | | | | | | |
  0: -----------------------

 y\x  0 1 2 3 4 5 6 7 8 910
 11: -----------------------
 10: | | | | | | |*| |*| | |
  9: | | | | | | | |*|*| | |
  8: | |*| | | | | | | | | |
  7: | | | | | | | | | | | |
  6: | | | |*| | | | | | |*|
  5: |*| | | | | | |*| | | |
  4: | | | | | | |*| | | | |
  3: | |E|W| | | | | | | | |
  2: | | |*| | | | | | | | |
  1: | |*| | | | | | | | | |
  0: -----------------------

 y\x  0 1 2 3 4 5 6 7 8 910
 11: -----------------------
 10: | | | | | | |*| |*| | |
  9: | | | | | | | |*|*| | |
  8: | |*| | | | | | | | | |
  7: | | | | | | | | | | | |
  6: | | | |*| | | | | | |*|
  5: |*| | | | | | |*| | | |
  4: | | | | | | |*| | | | |
  3: | |E|N| | | | | | | | |
  2: | | |*| | | | | | | | |
  1: | |*| | | | | | | | | |
  0: -----------------------

 y\x  0 1 2 3 4 5 6 7 8 910
 11: -----------------------
 10: | | | | | | |*| |*| | |
  9: | | | | | | | |*|*| | |
  8: | |*| | | | | | | | | |
  7: | | | | | | | | | | | |
  6: | | | |*| | | | | | |*|
  5: |*| | | | | | |*| | | |
  4: | | | | | | |*| | | | |
  3: | |S|N| | | | | | | | |
  2: | | |*| | | | | | | | |
  1: | |*| | | | | | | | | |
  0: -----------------------

 y\x  0 1 2 3 4 5 6 7 8 910
 11: -----------------------
 10: | | | | | | |*| |*| | |
  9: | | | | | | | |*|*| | |
  8: | |*| | | | | | | | | |
  7: | | | | | | | | | | | |
  6: | | | |*| | | | | | |*|
  5: |*| | | | | | |*| | | |
  4: | | |N| | | |*| | | | |
  3: | |S| | | | | | | | | |
  2: | | |*| | | | | | | | |
  1: | |*| | | | | | | | | |
  0: -----------------------

 y\x  0 1 2 3 4 5 6 7 8 910
 11: -----------------------
 10: | | | | | | |*| |*| | |
  9: | | | | | | | |*|*| | |
  8: | |*| | | | | | | | | |
  7: | | | | | | | | | | | |
  6: | | | |*| | | | | | |*|
  5: |*| | | | | | |*| | | |
  4: | | |N| | | |*| | | | |
  3: | |E| | | | | | | | | |
  2: | | |*| | | | | | | | |
  1: | |*| | | | | | | | | |
  0: -----------------------

 y\x  0 1 2 3 4 5 6 7 8 910
 11: -----------------------
 10: | | | | | | |*| |*| | |
  9: | | | | | | | |*|*| | |
  8: | |*| | | | | | | | | |
  7: | | | | | | | | | | | |
  6: | | | |*| | | | | | |*|
  5: |*| |N| | | | |*| | | |
  4: | | | | | | |*| | | | |
  3: | |E| | | | | | | | | |
  2: | | |*| | | | | | | | |
  1: | |*| | | | | | | | | |
  0: -----------------------

 y\x  0 1 2 3 4 5 6 7 8 910
 11: -----------------------
 10: | | | | | | |*| |*| | |
  9: | | | | | | | |*|*| | |
  8: | |*| | | | | | | | | |
  7: | | | | | | | | | | | |
  6: | | | |*| | | | | | |*|
  5: |*| |N| | | | |*| | | |
  4: | | | | | | |*| | | | |
  3: | | |E| | | | | | | | |
  2: | | |*| | | | | | | | |
  1: | |*| | | | | | | | | |
  0: -----------------------

 y\x  0 1 2 3 4 5 6 7 8 910
 11: -----------------------
 10: | | | | | | |*| |*| | |
  9: | | | | | | | |*|*| | |
  8: | |*| | | | | | | | | |
  7: | | | | | | | | | | | |
  6: | | |N|*| | | | | | |*|
  5: |*| | | | | | |*| | | |
  4: | | | | | | |*| | | | |
  3: | | |E| | | | | | | | |
  2: | | |*| | | | | | | | |
  1: | |*| | | | | | | | | |
  0: -----------------------

 y\x  0 1 2 3 4 5 6 7 8 910
 11: -----------------------
 10: | | | | | | |*| |*| | |
  9: | | | | | | | |*|*| | |
  8: | |*| | | | | | | | | |
  7: | | | | | | | | | | | |
  6: | | |N|*| | | | | | |*|
  5: |*| | | | | | |*| | | |
  4: | | | | | | |*| | | | |
  3: | | | |E| | | | | | | |
  2: | | |*| | | | | | | | |
  1: | |*| | | | | | | | | |
  0: -----------------------

 y\x  0 1 2 3 4 5 6 7 8 910
 11: -----------------------
 10: | | | | | | |*| |*| | |
  9: | | | | | | | |*|*| | |
  8: | |*| | | | | | | | | |
  7: | | |N| | | | | | | | |
  6: | | | |*| | | | | | |*|
  5: |*| | | | | | |*| | | |
  4: | | | | | | |*| | | | |
  3: | | | |E| | | | | | | |
  2: | | |*| | | | | | | | |
  1: | |*| | | | | | | | | |
  0: -----------------------

 y\x  0 1 2 3 4 5 6 7 8 910
 11: -----------------------
 10: | | | | | | |*| |*| | |
  9: | | | | | | | |*|*| | |
  8: | |*| | | | | | | | | |
  7: | | |N| | | | | | | | |
  6: | | | |*| | | | | | |*|
  5: |*| | | | | | |*| | | |
  4: | | | | | | |*| | | | |
  3: | | | | |E| | | | | | |
  2: | | |*| | | | | | | | |
  1: | |*| | | | | | | | | |
  0: -----------------------

 y\x  0 1 2 3 4 5 6 7 8 910
 11: -----------------------
 10: | | | | | | |*| |*| | |
  9: | | | | | | | |*|*| | |
  8: | |*|N| | | | | | | | |
  7: | | | | | | | | | | | |
  6: | | | |*| | | | | | |*|
  5: |*| | | | | | |*| | | |
  4: | | | | | | |*| | | | |
  3: | | | | |E| | | | | | |
  2: | | |*| | | | | | | | |
  1: | |*| | | | | | | | | |
  0: -----------------------

 y\x  0 1 2 3 4 5 6 7 8 910
 11: -----------------------
 10: | | | | | | |*| |*| | |
  9: | | | | | | | |*|*| | |
  8: | |*|N| | | | | | | | |
  7: | | | | | | | | | | | |
  6: | | | |*| | | | | | |*|
  5: |*| | | | | | |*| | | |
  4: | | | | | | |*| | | | |
  3: | | | | | |E| | | | | |
  2: | | |*| | | | | | | | |
  1: | |*| | | | | | | | | |
  0: -----------------------

 y\x  0 1 2 3 4 5 6 7 8 910
 11: -----------------------
 10: | | | | | | |*| |*| | |
  9: | | |N| | | | |*|*| | |
  8: | |*| | | | | | | | | |
  7: | | | | | | | | | | | |
  6: | | | |*| | | | | | |*|
  5: |*| | | | | | |*| | | |
  4: | | | | | | |*| | | | |
  3: | | | | | |E| | | | | |
  2: | | |*| | | | | | | | |
  1: | |*| | | | | | | | | |
  0: -----------------------

 y\x  0 1 2 3 4 5 6 7 8 910
 11: -----------------------
 10: | | | | | | |*| |*| | |
  9: | | |N| | | | |*|*| | |
  8: | |*| | | | | | | | | |
  7: | | | | | | | | | | | |
  6: | | | |*| | | | | | |*|
  5: |*| | | | | | |*| | | |
  4: | | | | | | |*| | | | |
  3: | | | | | | |E| | | | |
  2: | | |*| | | | | | | | |
  1: | |*| | | | | | | | | |
  0: -----------------------

 y\x  0 1 2 3 4 5 6 7 8 910
 11: -----------------------
 10: | | |N| | | |*| |*| | |
  9: | | | | | | | |*|*| | |
  8: | |*| | | | | | | | | |
  7: | | | | | | | | | | | |
  6: | | | |*| | | | | | |*|
  5: |*| | | | | | |*| | | |
  4: | | | | | | |*| | | | |
  3: | | | | | | |E| | | | |
  2: | | |*| | | | | | | | |
  1: | |*| | | | | | | | | |
  0: -----------------------

 y\x  1 2 3 4 5 6 7 8 910
 11: ---------------------
 10: | | |*| | | | | |*| |
  9: | | | | | | | | | |*|
  8: | | |*|*| | | | | | |
  7: | | | | | | | | | | |
  6: | | | | | | | | | | |
  5: | | | | | | | | | | |
  4: | | | | | |*| | | | |
  3: | |N| | | | | | | | |
  2: |N| | |*| | | |*| | |
  1: | | |*| | |*| | | | |
  0: | | | |*|*| | | | | |
 -1: ---------------------

 y\x  1 2 3 4 5 6 7 8 910
 11: ---------------------
 10: | | |*| | | | | |*| |
  9: | | | | | | | | | |*|
  8: | | |*|*| | | | | | |
  7: | | | | | | | | | | |
  6: | | | | | | | | | | |
  5: | | | | | | | | | | |
  4: | | | | | |*| | | | |
  3: |N|N| | | | | | | | |
  2: | | | |*| | | |*| | |
  1: | | |*| | |*| | | | |
  0: | | | |*|*| | | | | |
 -1: ---------------------

 y\x  1 2 3 4 5 6 7 8 910
 11: ---------------------
 10: | | |*| | | | | |*| |
  9: | | | | | | | | | |*|
  8: | | |*|*| | | | | | |
  7: | | | | | | | | | | |
  6: | | | | | | | | | | |
  5: | | | | | | | | | | |
  4: | | | | | |*| | | | |
  3: |N|W| | | | | | | | |
  2: | | | |*| | | |*| | |
  1: | | |*| | |*| | | | |
  0: | | | |*|*| | | | | |
 -1: ---------------------

 y\x  1 2 3 4 5 6 7 8 910
 11: ---------------------
 10: | | |*| | | | | |*| |
  9: | | | | | | | | | |*|
  8: | | |*|*| | | | | | |
  7: | | | | | | | | | | |
  6: | | | | | | | | | | |
  5: | | | | | | | | | | |
  4: | | | | | |*| | | | |
  3: |E|W| | | | | | | | |
  2: | | | |*| | | |*| | |
  1: | | |*| | |*| | | | |
  0: | | | |*|*| | | | | |
 -1: ---------------------

 y\x  1 2 3 4 5 6 7 8 910
 11: ---------------------
 10: | | |*| | | | | |*| |
  9: | | | | | | | | | |*|
  8: | | |*|*| | | | | | |
  7: | | | | | | | | | | |
  6: | | | | | | | | | | |
  5: | | | | | | | | | | |
  4: | | | | | |*| | | | |
  3: |E|W| | | | | | | | |
  2: | | | |*| | | |*| | |
  1: | | |*| | |*| | | | |
  0: | | | |*|*| | | | | |
 -1: ---------------------

 y\x  1 2 3 4 5 6 7 8 910
 11: ---------------------
 10: | | |*| | | | | |*| |
  9: | | | | | | | | | |*|
  8: | | |*|*| | | | | | |
  7: | | | | | | | | | | |
  6: | | | | | | | | | | |
  5: | | | | | | | | | | |
  4: | | | | | |*| | | | |
  3: |E|W| | | | | | | | |
  2: | | | |*| | | |*| | |
  1: | | |*| | |*| | | | |
  0: | | | |*|*| | | | | |
 -1: ---------------------

 y\x  1 2 3 4 5 6 7 8 910
 11: ---------------------
 10: | | |*| | | | | |*| |
  9: | | | | | | | | | |*|
  8: | | |*|*| | | | | | |
  7: | | | | | | | | | | |
  6: | | | | | | | | | | |
  5: | | | | | | | | | | |
  4: | | | | | |*| | | | |
  3: |E|N| | | | | | | | |
  2: | | | |*| | | |*| | |
  1: | | |*| | |*| | | | |
  0: | | | |*|*| | | | | |
 -1: ---------------------

 y\x  1 2 3 4 5 6 7 8 910
 11: ---------------------
 10: | | |*| | | | | |*| |
  9: | | | | | | | | | |*|
  8: | | |*|*| | | | | | |
  7: | | | | | | | | | | |
  6: | | | | | | | | | | |
  5: | | | | | | | | | | |
  4: | | | | | |*| | | | |
  3: |S|N| | | | | | | | |
  2: | | | |*| | | |*| | |
  1: | | |*| | |*| | | | |
  0: | | | |*|*| | | | | |
 -1: ---------------------

 y\x  1 2 3 4 5 6 7 8 910
 11: ---------------------
 10: | | |*| | | | | |*| |
  9: | | | | | | | | | |*|
  8: | | |*|*| | | | | | |
  7: | | | | | | | | | | |
  6: | | | | | | | | | | |
  5: | | | | | | | | | | |
  4: | |N| | | |*| | | | |
  3: |S| | | | | | | | | |
  2: | | | |*| | | |*| | |
  1: | | |*| | |*| | | | |
  0: | | | |*|*| | | | | |
 -1: ---------------------

 y\x  1 2 3 4 5 6 7 8 910
 11: ---------------------
 10: | | |*| | | | | |*| |
  9: | | | | | | | | | |*|
  8: | | |*|*| | | | | | |
  7: | | | | | | | | | | |
  6: | | | | | | | | | | |
  5: | | | | | | | | | | |
  4: | |N| | | |*| | | | |
  3: |E| | | | | | | | | |
  2: | | | |*| | | |*| | |
  1: | | |*| | |*| | | | |
  0: | | | |*|*| | | | | |
 -1: ---------------------

 y\x  1 2 3 4 5 6 7 8 910
 11: ---------------------
 10: | | |*| | | | | |*| |
  9: | | | | | | | | | |*|
  8: | | |*|*| | | | | | |
  7: | | | | | | | | | | |
  6: | | | | | | | | | | |
  5: | |N| | | | | | | | |
  4: | | | | | |*| | | | |
  3: |E| | | | | | | | | |
  2: | | | |*| | | |*| | |
  1: | | |*| | |*| | | | |
  0: | | | |*|*| | | | | |
 -1: ---------------------

 y\x  2 3 4 5 6 7 8 910
 11: -------------------
 10: | |*| | | | | |*| |
  9: | | | | | | | | |*|
  8: | |*|*| | | | | | |
  7: | | | | | | | | | |
  6: | | | | | | | | | |
  5: |N| | | | | | | | |
  4: | | | | |*| | | | |
  3: |E| | | | | | | | |
  2: | | |*| | | |*| | |
  1: | |*| | |*| | | | |
  0: | | |*|*| | | | | |
 -1: -------------------

 y\x  2 3 4 5 6 7 8 910
 11: -------------------
 10: | |*| | | | | |*| |
  9: | | | | | | | | |*|
  8: | |*|*| | | | | | |
  7: | | | | | | | | | |
  6: |N| | | | | | | | |
  5: | | | | | | | | | |
  4: | | | | |*| | | | |
  3: |E| | | | | | | | |
  2: | | |*| | | |*| | |
  1: | |*| | |*| | | | |
  0: | | |*|*| | | | | |
 -1: -------------------

 y\x  2 3 4 5 6 7 8 910
 11: -------------------
 10: | |*| | | | | |*| |
  9: | | | | | | | | |*|
  8: | |*|*| | | | | | |
  7: | | | | | | | | | |
  6: |N| | | | | | | | |
  5: | | | | | | | | | |
  4: | | | | |*| | | | |
  3: | |E| | | | | | | |
  2: | | |*| | | |*| | |
  1: | |*| | |*| | | | |
  0: | | |*|*| | | | | |
 -1: -------------------

 y\x  2 3 4 5 6 7 8 910
 11: -------------------
 10: | |*| | | | | |*| |
  9: | | | | | | | | |*|
  8: | |*|*| | | | | | |
  7: |N| | | | | | | | |
  6: | | | | | | | | | |
  5: | | | | | | | | | |
  4: | | | | |*| | | | |
  3: | |E| | | | | | | |
  2: | | |*| | | |*| | |
  1: | |*| | |*| | | | |
  0: | | |*|*| | | | | |
 -1: -------------------

 y\x  2 3 4 5 6 7 8 910
 11: -------------------
 10: | |*| | | | | |*| |
  9: | | | | | | | | |*|
  8: | |*|*| | | | | | |
  7: |N| | | | | | | | |
  6: | | | | | | | | | |
  5: | | | | | | | | | |
  4: | | | | |*| | | | |
  3: | | |E| | | | | | |
  2: | | |*| | | |*| | |
  1: | |*| | |*| | | | |
  0: | | |*|*| | | | | |
 -1: -------------------

 y\x  2 3 4 5 6 7 8 910
 11: -------------------
 10: | |*| | | | | |*| |
  9: | | | | | | | | |*|
  8: |N|*|*| | | | | | |
  7: | | | | | | | | | |
  6: | | | | | | | | | |
  5: | | | | | | | | | |
  4: | | | | |*| | | | |
  3: | | |E| | | | | | |
  2: | | |*| | | |*| | |
  1: | |*| | |*| | | | |
  0: | | |*|*| | | | | |
 -1: -------------------

 y\x  2 3 4 5 6 7 8 910
 11: -------------------
 10: | |*| | | | | |*| |
  9: | | | | | | | | |*|
  8: |N|*|*| | | | | | |
  7: | | | | | | | | | |
  6: | | | | | | | | | |
  5: | | | | | | | | | |
  4: | | | | |*| | | | |
  3: | | | |E| | | | | |
  2: | | |*| | | |*| | |
  1: | |*| | |*| | | | |
  0: | | |*|*| | | | | |
 -1: -------------------

 y\x  2 3 4 5 6 7 8 910
 11: -------------------
 10: | |*| | | | | |*| |
  9: |N| | | | | | | |*|
  8: | |*|*| | | | | | |
  7: | | | | | | | | | |
  6: | | | | | | | | | |
  5: | | | | | | | | | |
  4: | | | | |*| | | | |
  3: | | | |E| | | | | |
  2: | | |*| | | |*| | |
  1: | |*| | |*| | | | |
  0: | | |*|*| | | | | |
 -1: -------------------

 y\x  2 3 4 5 6 7 8 910
 11: -------------------
 10: | |*| | | | | |*| |
  9: |N| | | | | | | |*|
  8: | |*|*| | | | | | |
  7: | | | | | | | | | |
  6: | | | | | | | | | |
  5: | | | | | | | | | |
  4: | | | | |*| | | | |
  3: | | | | |E| | | | |
  2: | | |*| | | |*| | |
  1: | |*| | |*| | | | |
  0: | | |*|*| | | | | |
 -1: -------------------

 y\x  2 3 4 5 6 7 8 910
 11: -------------------
 10: |N|*| | | | | |*| |
  9: | | | | | | | | |*|
  8: | |*|*| | | | | | |
  7: | | | | | | | | | |
  6: | | | | | | | | | |
  5: | | | | | | | | | |
  4: | | | | |*| | | | |
  3: | | | | |E| | | | |
  2: | | |*| | | |*| | |
  1: | |*| | |*| | | | |
  0: | | |*|*| | | | | |
 -1: -------------------

 y\x  0 1 2 3 4 5 6 7 8 910
 11: -----------------------
 10: | | |*| | | | | | | | |
  9: |*| | | |*| | | | | | |
  8: | | | | | | | | | | | |
  7: | | | | | | | |*| | |*|
  6: | | | | | | | | | | | |
  5: | | | | |*|*| | | | | |
  4: | |*| | |*| | | | | | |
  3: | |*|N| | | |*| | | | |
  2: | |N| | | | | | | | | |
  1: | | | | | | | | | | |*|
  0: -----------------------

]]></system-out>
  <system-err><![CDATA[]]></system-err>
</testsuite>
