<?xml version="1.0" encoding="UTF-8"?>
<testsuite name="agh.ics.oop.SimulationEngineTest" tests="1" skipped="0" failures="0" errors="0" timestamp="2022-11-14T19:56:00" hostname="DESKTOP-3J3T1I2" time="12.152">
  <properties/>
  <testcase name="run()" classname="agh.ics.oop.SimulationEngineTest" time="12.152"/>
  <system-out><![CDATA[ y\x  0 1 2 3 4 5 6 7 8 910111213141516
 17: -----------------------------------
 16: | | | | | | | | | | | | | | | | | |
 15: | | | | | | | | | | | | | | | | | |
 14: | | | | | | | | | | | | | | | | | |
 13: | | | | | | | | | | | | | | | | | |
 12: | | | | | | | | | | | | | | | | | |
 11: | | | | | | | | | | | | | | | | | |
 10: | | | | | | | | | | | | | | | | | |
  9: | | | | | | | | | | | | | | | | | |
  8: | | | | | | | | | | | | | | | | | |
  7: | | | | | | | | | | | | | | | | | |
  6: | | | | | | | | | | | | | | | | | |
  5: | | | | | | | | | | | | | | | | | |
  4: | | | | | | | | | | | | | | | | | |
  3: | | |N| | | | | | | | | | | | | | |
  2: | |N| | | | | | | | | | | | | | | |
  1: | | | | | | | | | | | | | | | | | |
  0: | | | | | | | | | | | | | | | | | |
 -1: -----------------------------------

 y\x  0 1 2 3 4 5 6 7 8 910111213141516
 17: -----------------------------------
 16: | | | | | | | | | | | | | | | | | |
 15: | | | | | | | | | | | | | | | | | |
 14: | | | | | | | | | | | | | | | | | |
 13: | | | | | | | | | | | | | | | | | |
 12: | | | | | | | | | | | | | | | | | |
 11: | | | | | | | | | | | | | | | | | |
 10: | | | | | | | | | | | | | | | | | |
  9: | | | | | | | | | | | | | | | | | |
  8: | | | | | | | | | | | | | | | | | |
  7: | | | | | | | | | | | | | | | | | |
  6: | | | | | | | | | | | | | | | | | |
  5: | | | | | | | | | | | | | | | | | |
  4: | | | | | | | | | | | | | | | | | |
  3: | | |N| | | | | | | | | | | | | | |
  2: | | |N| | | | | | | | | | | | | | |
  1: | | | | | | | | | | | | | | | | | |
  0: | | | | | | | | | | | | | | | | | |
 -1: -----------------------------------

 y\x  0 1 2 3 4 5 6 7 8 910111213141516
 17: -----------------------------------
 16: | | | | | | | | | | | | | | | | | |
 15: | | | | | | | | | | | | | | | | | |
 14: | | | | | | | | | | | | | | | | | |
 13: | | | | | | | | | | | | | | | | | |
 12: | | | | | | | | | | | | | | | | | |
 11: | | | | | | | | | | | | | | | | | |
 10: | | | | | | | | | | | | | | | | | |
  9: | | | | | | | | | | | | | | | | | |
  8: | | | | | | | | | | | | | | | | | |
  7: | | | | | | | | | | | | | | | | | |
  6: | | | | | | | | | | | | | | | | | |
  5: | | | | | | | | | | | | | | | | | |
  4: | | | | | | | | | | | | | | | | | |
  3: | | |N| | | | | | | | | | | | | | |
  2: | | |N| | | | | | | | | | | | | | |
  1: | | | | | | | | | | | | | | | | | |
  0: | | | | | | | | | | | | | | | | | |
 -1: -----------------------------------

 y\x  0 1 2 3 4 5 6 7 8 910111213141516
 17: -----------------------------------
 16: | | | | | | | | | | | | | | | | | |
 15: | | | | | | | | | | | | | | | | | |
 14: | | | | | | | | | | | | | | | | | |
 13: | | | | | | | | | | | | | | | | | |
 12: | | | | | | | | | | | | | | | | | |
 11: | | | | | | | | | | | | | | | | | |
 10: | | | | | | | | | | | | | | | | | |
  9: | | | | | | | | | | | | | | | | | |
  8: | | | | | | | | | | | | | | | | | |
  7: | | | | | | | | | | | | | | | | | |
  6: | | | | | | | | | | | | | | | | | |
  5: | | | | | | | | | | | | | | | | | |
  4: | | |N| | | | | | | | | | | | | | |
  3: | | | | | | | | | | | | | | | | | |
  2: | | |N| | | | | | | | | | | | | | |
  1: | | | | | | | | | | | | | | | | | |
  0: | | | | | | | | | | | | | | | | | |
 -1: -----------------------------------

 y\x  0 1 2 3 4 5 6 7 8 910111213141516
 17: -----------------------------------
 16: | | | | | | | | | | | | | | | | | |
 15: | | | | | | | | | | | | | | | | | |
 14: | | | | | | | | | | | | | | | | | |
 13: | | | | | | | | | | | | | | | | | |
 12: | | | | | | | | | | | | | | | | | |
 11: | | | | | | | | | | | | | | | | | |
 10: | | | | | | | | | | | | | | | | | |
  9: | | | | | | | | | | | | | | | | | |
  8: | | | | | | | | | | | | | | | | | |
  7: | | | | | | | | | | | | | | | | | |
  6: | | | | | | | | | | | | | | | | | |
  5: | | | | | | | | | | | | | | | | | |
  4: | | |N| | | | | | | | | | | | | | |
  3: | | |N| | | | | | | | | | | | | | |
  2: | | | | | | | | | | | | | | | | | |
  1: | | | | | | | | | | | | | | | | | |
  0: | | | | | | | | | | | | | | | | | |
 -1: -----------------------------------

 y\x  0 1 2 3 4 5 6 7 8 910111213141516
 17: -----------------------------------
 16: | | | | | | | | | | | | | | | | | |
 15: | | | | | | | | | | | | | | | | | |
 14: | | | | | | | | | | | | | | | | | |
 13: | | | | | | | | | | | | | | | | | |
 12: | | | | | | | | | | | | | | | | | |
 11: | | | | | | | | | | | | | | | | | |
 10: | | | | | | | | | | | | | | | | | |
  9: | | | | | | | | | | | | | | | | | |
  8: | | | | | | | | | | | | | | | | | |
  7: | | | | | | | | | | | | | | | | | |
  6: | | | | | | | | | | | | | | | | | |
  5: | | |N| | | | | | | | | | | | | | |
  4: | | | | | | | | | | | | | | | | | |
  3: | | |N| | | | | | | | | | | | | | |
  2: | | | | | | | | | | | | | | | | | |
  1: | | | | | | | | | | | | | | | | | |
  0: | | | | | | | | | | | | | | | | | |
 -1: -----------------------------------

 y\x  0 1 2 3 4 5 6 7 8 910111213141516
 17: -----------------------------------
 16: | | | | | | | | | | | | | | | | | |
 15: | | | | | | | | | | | | | | | | | |
 14: | | | | | | | | | | | | | | | | | |
 13: | | | | | | | | | | | | | | | | | |
 12: | | | | | | | | | | | | | | | | | |
 11: | | | | | | | | | | | | | | | | | |
 10: | | | | | | | | | | | | | | | | | |
  9: | | | | | | | | | | | | | | | | | |
  8: | | | | | | | | | | | | | | | | | |
  7: | | | | | | | | | | | | | | | | | |
  6: | | | | | | | | | | | | | | | | | |
  5: | | |N| | | | | | | | | | | | | | |
  4: | | | | | | | | | | | | | | | | | |
  3: | | | | | | | | | | | | | | | | | |
  2: | | |N| | | | | | | | | | | | | | |
  1: | | | | | | | | | | | | | | | | | |
  0: | | | | | | | | | | | | | | | | | |
 -1: -----------------------------------

 y\x  0 1 2 3 4 5 6 7 8 910111213141516
 17: -----------------------------------
 16: | | | | | | | | | | | | | | | | | |
 15: | | | | | | | | | | | | | | | | | |
 14: | | | | | | | | | | | | | | | | | |
 13: | | | | | | | | | | | | | | | | | |
 12: | | | | | | | | | | | | | | | | | |
 11: | | | | | | | | | | | | | | | | | |
 10: | | | | | | | | | | | | | | | | | |
  9: | | | | | | | | | | | | | | | | | |
  8: | | | | | | | | | | | | | | | | | |
  7: | | | | | | | | | | | | | | | | | |
  6: | | | | | | | | | | | | | | | | | |
  5: | | | | | | | | | | | | | | | | | |
  4: | | |N| | | | | | | | | | | | | | |
  3: | | | | | | | | | | | | | | | | | |
  2: | | |N| | | | | | | | | | | | | | |
  1: | | | | | | | | | | | | | | | | | |
  0: | | | | | | | | | | | | | | | | | |
 -1: -----------------------------------

 y\x  0 1 2 3 4 5 6 7 8 910111213141516
 17: -----------------------------------
 16: | | | | | | | | | | | | | | | | | |
 15: | | | | | | | | | | | | | | | | | |
 14: | | | | | | | | | | | | | | | | | |
 13: | | | | | | | | | | | | | | | | | |
 12: | | | | | | | | | | | | | | | | | |
 11: | | | | | | | | | | | | | | | | | |
 10: | | | | | | | | | | | | | | | | | |
  9: | | | | | | | | | | | | | | | | | |
  8: | | | | | | | | | | | | | | | | | |
  7: | | | | | | | | | | | | | | | | | |
  6: | | | | | | | | | | | | | | | | | |
  5: | | | | | | | | | | | | | | | | | |
  4: | | |N| | | | | | | | | | | | | | |
  3: | | | | | | | | | | | | | | | | | |
  2: | | |W| | | | | | | | | | | | | | |
  1: | | | | | | | | | | | | | | | | | |
  0: | | | | | | | | | | | | | | | | | |
 -1: -----------------------------------

 y\x  0 1 2 3 4 5 6 7 8 910111213141516
 17: -----------------------------------
 16: | | | | | | | | | | | | | | | | | |
 15: | | | | | | | | | | | | | | | | | |
 14: | | | | | | | | | | | | | | | | | |
 13: | | | | | | | | | | | | | | | | | |
 12: | | | | | | | | | | | | | | | | | |
 11: | | | | | | | | | | | | | | | | | |
 10: | | | | | | | | | | | | | | | | | |
  9: | | | | | | | | | | | | | | | | | |
  8: | | | | | | | | | | | | | | | | | |
  7: | | | | | | | | | | | | | | | | | |
  6: | | | | | | | | | | | | | | | | | |
  5: | | |N| | | | | | | | | | | | | | |
  4: | | | | | | | | | | | | | | | | | |
  3: | | | | | | | | | | | | | | | | | |
  2: | | |W| | | | | | | | | | | | | | |
  1: | | | | | | | | | | | | | | | | | |
  0: | | | | | | | | | | | | | | | | | |
 -1: -----------------------------------

 y\x  0 1 2 3 4 5 6 7 8 910111213141516
 17: -----------------------------------
 16: | | | | | | | | | | | | | | | | | |
 15: | | | | | | | | | | | | | | | | | |
 14: | | | | | | | | | | | | | | | | | |
 13: | | | | | | | | | | | | | | | | | |
 12: | | | | | | | | | | | | | | | | | |
 11: | | | | | | | | | | | | | | | | | |
 10: | | | | | | | | | | | | | | | | | |
  9: | | | | | | | | | | | | | | | | | |
  8: | | | | | | | | | | | | | | | | | |
  7: | | | | | | | | | | | | | | | | | |
  6: | | | | | | | | | | | | | | | | | |
  5: | | |N| | | | | | | | | | | | | | |
  4: | | | | | | | | | | | | | | | | | |
  3: | | | | | | | | | | | | | | | | | |
  2: | |W| | | | | | | | | | | | | | | |
  1: | | | | | | | | | | | | | | | | | |
  0: | | | | | | | | | | | | | | | | | |
 -1: -----------------------------------

 y\x  0 1 2 3 4 5 6 7 8 910111213141516
 17: -----------------------------------
 16: | | | | | | | | | | | | | | | | | |
 15: | | | | | | | | | | | | | | | | | |
 14: | | | | | | | | | | | | | | | | | |
 13: | | | | | | | | | | | | | | | | | |
 12: | | | | | | | | | | | | | | | | | |
 11: | | | | | | | | | | | | | | | | | |
 10: | | | | | | | | | | | | | | | | | |
  9: | | | | | | | | | | | | | | | | | |
  8: | | | | | | | | | | | | | | | | | |
  7: | | | | | | | | | | | | | | | | | |
  6: | | | | | | | | | | | | | | | | | |
  5: | | | | | | | | | | | | | | | | | |
  4: | | | | | | | | | | | | | | | | | |
  3: | | |N| | | | | | | | | | | | | | |
  2: | |N| | | | | | | | | | | | | | | |
  1: | | | |N| | | | | | | | | | | | | |
  0: | | | | | | | | | | | | | | | | | |
 -1: -----------------------------------

 y\x  0 1 2 3 4 5 6 7 8 910111213141516
 17: -----------------------------------
 16: | | | | | | | | | | | | | | | | | |
 15: | | | | | | | | | | | | | | | | | |
 14: | | | | | | | | | | | | | | | | | |
 13: | | | | | | | | | | | | | | | | | |
 12: | | | | | | | | | | | | | | | | | |
 11: | | | | | | | | | | | | | | | | | |
 10: | | | | | | | | | | | | | | | | | |
  9: | | | | | | | | | | | | | | | | | |
  8: | | | | | | | | | | | | | | | | | |
  7: | | | | | | | | | | | | | | | | | |
  6: | | | | | | | | | | | | | | | | | |
  5: | | | | | | | | | | | | | | | | | |
  4: | | | | | | | | | | | | | | | | | |
  3: | |N|N| | | | | | | | | | | | | | |
  2: | | | | | | | | | | | | | | | | | |
  1: | | | |N| | | | | | | | | | | | | |
  0: | | | | | | | | | | | | | | | | | |
 -1: -----------------------------------

 y\x  0 1 2 3 4 5 6 7 8 910111213141516
 17: -----------------------------------
 16: | | | | | | | | | | | | | | | | | |
 15: | | | | | | | | | | | | | | | | | |
 14: | | | | | | | | | | | | | | | | | |
 13: | | | | | | | | | | | | | | | | | |
 12: | | | | | | | | | | | | | | | | | |
 11: | | | | | | | | | | | | | | | | | |
 10: | | | | | | | | | | | | | | | | | |
  9: | | | | | | | | | | | | | | | | | |
  8: | | | | | | | | | | | | | | | | | |
  7: | | | | | | | | | | | | | | | | | |
  6: | | | | | | | | | | | | | | | | | |
  5: | | | | | | | | | | | | | | | | | |
  4: | | | | | | | | | | | | | | | | | |
  3: | |N| | | | | | | | | | | | | | | |
  2: | | |N| | | | | | | | | | | | | | |
  1: | | | |N| | | | | | | | | | | | | |
  0: | | | | | | | | | | | | | | | | | |
 -1: -----------------------------------

 y\x  0 1 2 3 4 5 6 7 8 910111213141516
 17: -----------------------------------
 16: | | | | | | | | | | | | | | | | | |
 15: | | | | | | | | | | | | | | | | | |
 14: | | | | | | | | | | | | | | | | | |
 13: | | | | | | | | | | | | | | | | | |
 12: | | | | | | | | | | | | | | | | | |
 11: | | | | | | | | | | | | | | | | | |
 10: | | | | | | | | | | | | | | | | | |
  9: | | | | | | | | | | | | | | | | | |
  8: | | | | | | | | | | | | | | | | | |
  7: | | | | | | | | | | | | | | | | | |
  6: | | | | | | | | | | | | | | | | | |
  5: | | | | | | | | | | | | | | | | | |
  4: | | | | | | | | | | | | | | | | | |
  3: | |N| | | | | | | | | | | | | | | |
  2: | | |N| | | | | | | | | | | | | | |
  1: | | | | | | | | | | | | | | | | | |
  0: | | | |N| | | | | | | | | | | | | |
 -1: -----------------------------------

 y\x  0 1 2 3 4 5 6 7 8 910111213141516
 17: -----------------------------------
 16: | | | | | | | | | | | | | | | | | |
 15: | | | | | | | | | | | | | | | | | |
 14: | | | | | | | | | | | | | | | | | |
 13: | | | | | | | | | | | | | | | | | |
 12: | | | | | | | | | | | | | | | | | |
 11: | | | | | | | | | | | | | | | | | |
 10: | | | | | | | | | | | | | | | | | |
  9: | | | | | | | | | | | | | | | | | |
  8: | | | | | | | | | | | | | | | | | |
  7: | | | | | | | | | | | | | | | | | |
  6: | | | | | | | | | | | | | | | | | |
  5: | | | | | | | | | | | | | | | | | |
  4: | | | | | | | | | | | | | | | | | |
  3: | |W| | | | | | | | | | | | | | | |
  2: | | |N| | | | | | | | | | | | | | |
  1: | | | | | | | | | | | | | | | | | |
  0: | | | |N| | | | | | | | | | | | | |
 -1: -----------------------------------

 y\x  0 1 2 3 4 5 6 7 8 910111213141516
 17: -----------------------------------
 16: | | | | | | | | | | | | | | | | | |
 15: | | | | | | | | | | | | | | | | | |
 14: | | | | | | | | | | | | | | | | | |
 13: | | | | | | | | | | | | | | | | | |
 12: | | | | | | | | | | | | | | | | | |
 11: | | | | | | | | | | | | | | | | | |
 10: | | | | | | | | | | | | | | | | | |
  9: | | | | | | | | | | | | | | | | | |
  8: | | | | | | | | | | | | | | | | | |
  7: | | | | | | | | | | | | | | | | | |
  6: | | | | | | | | | | | | | | | | | |
  5: | | | | | | | | | | | | | | | | | |
  4: | | | | | | | | | | | | | | | | | |
  3: | |W| | | | | | | | | | | | | | | |
  2: | | |E| | | | | | | | | | | | | | |
  1: | | | | | | | | | | | | | | | | | |
  0: | | | |N| | | | | | | | | | | | | |
 -1: -----------------------------------

 y\x  0 1 2 3 4 5 6 7 8 910111213141516
 17: -----------------------------------
 16: | | | | | | | | | | | | | | | | | |
 15: | | | | | | | | | | | | | | | | | |
 14: | | | | | | | | | | | | | | | | | |
 13: | | | | | | | | | | | | | | | | | |
 12: | | | | | | | | | | | | | | | | | |
 11: | | | | | | | | | | | | | | | | | |
 10: | | | | | | | | | | | | | | | | | |
  9: | | | | | | | | | | | | | | | | | |
  8: | | | | | | | | | | | | | | | | | |
  7: | | | | | | | | | | | | | | | | | |
  6: | | | | | | | | | | | | | | | | | |
  5: | | | | | | | | | | | | | | | | | |
  4: | | | | | | | | | | | | | | | | | |
  3: | |W| | | | | | | | | | | | | | | |
  2: | | |E| | | | | | | | | | | | | | |
  1: | | | | | | | | | | | | | | | | | |
  0: | | | |N| | | | | | | | | | | | | |
 -1: -----------------------------------

 y\x  0 1 2 3 4 5 6 7 8 910111213141516
 17: -----------------------------------
 16: | | | | | | | | | | | | | | | | | |
 15: | | | | | | | | | | | | | | | | | |
 14: | | | | | | | | | | | | | | | | | |
 13: | | | | | | | | | | | | | | | | | |
 12: | | | | | | | | | | | | | | | | | |
 11: | | | | | | | | | | | | | | | | | |
 10: | | | | | | | | | | | | | | | | | |
  9: | | | | | | | | | | | | | | | | | |
  8: | | | | | | | | | | | | | | | | | |
  7: | | | | | | | | | | | | | | | | | |
  6: | | | | | | | | | | | | | | | | | |
  5: | | | | | | | | | | | | | | | | | |
  4: | | | | | | | | | | | | | | | | | |
  3: |W| | | | | | | | | | | | | | | | |
  2: | | |E| | | | | | | | | | | | | | |
  1: | | | | | | | | | | | | | | | | | |
  0: | | | |N| | | | | | | | | | | | | |
 -1: -----------------------------------

 y\x  0 1 2 3 4 5 6 7 8 910111213141516
 17: -----------------------------------
 16: | | | | | | | | | | | | | | | | | |
 15: | | | | | | | | | | | | | | | | | |
 14: | | | | | | | | | | | | | | | | | |
 13: | | | | | | | | | | | | | | | | | |
 12: | | | | | | | | | | | | | | | | | |
 11: | | | | | | | | | | | | | | | | | |
 10: | | | | | | | | | | | | | | | | | |
  9: | | | | | | | | | | | | | | | | | |
  8: | | | | | | | | | | | | | | | | | |
  7: | | | | | | | | | | | | | | | | | |
  6: | | | | | | | | | | | | | | | | | |
  5: | | | | | | | | | | | | | | | | | |
  4: | | | | | | | | | | | | | | | | | |
  3: |W| | | | | | | | | | | | | | | | |
  2: | | | |E| | | | | | | | | | | | | |
  1: | | | | | | | | | | | | | | | | | |
  0: | | | |N| | | | | | | | | | | | | |
 -1: -----------------------------------

 y\x  0 1 2 3 4 5 6 7 8 910111213141516
 17: -----------------------------------
 16: | | | | | | | | | | | | | | | | | |
 15: | | | | | | | | | | | | | | | | | |
 14: | | | | | | | | | | | | | | | | | |
 13: | | | | | | | | | | | | | | | | | |
 12: | | | | | | | | | | | | | | | | | |
 11: | | | | | | | | | | | | | | | | | |
 10: | | | | | | | | | | | | | | | | | |
  9: | | | | | | | | | | | | | | | | | |
  8: | | | | | | | | | | | | | | | | | |
  7: | | | | | | | | | | | | | | | | | |
  6: | | | | | | | | | | | | | | | | | |
  5: | | | | | | | | | | | | | | | | | |
  4: | | | | | | | | | | | | | | | | | |
  3: |W| | | | | | | | | | | | | | | | |
  2: | | | |E| | | | | | | | | | | | | |
  1: | | | |N| | | | | | | | | | | | | |
  0: | | | | | | | | | | | | | | | | | |
 -1: -----------------------------------

 y\x  0 1 2 3 4 5 6 7 8 910111213141516
 17: -----------------------------------
 16: | | | | | | | | | | | | | | | | | |
 15: | | | | | | | | | | | | | | | | | |
 14: | | | | | | | | | | | | | | | | | |
 13: | | | | | | | | | | | | | | | | | |
 12: | | | | | | | | | | | | | | | | | |
 11: | | | | | | | | | | | | | | | | | |
 10: | | | | | | | | | | | | | | | | | |
  9: | | | | | | | | | | | | | | | | | |
  8: | | | | | | | | | | | | | | | | | |
  7: | | | | | | | | | | | | | | | | | |
  6: | | | | | | | | | | | | | | | | | |
  5: | | | | | | | | | | | | | | | | | |
  4: | | | | | | | | | | | | | | | | | |
  3: |W| | | | | | | | | | | | | | | | |
  2: | | | |E| | | | | | | | | | | | | |
  1: | | | |N| | | | | | | | | | | | | |
  0: | | | | | | | | | | | | | | | | | |
 -1: -----------------------------------

]]></system-out>
  <system-err><![CDATA[]]></system-err>
</testsuite>
