<?xml version="1.0" encoding="UTF-8"?>
<testsuite name="agh.ics.oop.AnimalTest" tests="3" skipped="0" failures="0" errors="0" timestamp="2022-11-12T14:13:49" hostname="DESKTOP-3J3T1I2" time="0.064">
  <properties/>
  <testcase name="getDirection()" classname="agh.ics.oop.AnimalTest" time="0.042"/>
  <testcase name="isAt()" classname="agh.ics.oop.AnimalTest" time="0.004"/>
  <testcase name="move()" classname="agh.ics.oop.AnimalTest" time="0.015"/>
  <system-out><![CDATA[]]></system-out>
  <system-err><![CDATA[]]></system-err>
</testsuite>
