<?xml version="1.0" encoding="UTF-8"?>
<testsuite name="agh.ics.oop.RectangularMapTest" tests="4" skipped="0" failures="0" errors="0" timestamp="2022-11-18T23:22:19" hostname="DESKTOP-3J3T1I2" time="0.088">
  <properties/>
  <testcase name="canMoveTo()" classname="agh.ics.oop.RectangularMapTest" time="0.033"/>
  <testcase name="isOccupied()" classname="agh.ics.oop.RectangularMapTest" time="0.011"/>
  <testcase name="objectAt()" classname="agh.ics.oop.RectangularMapTest" time="0.017"/>
  <testcase name="place()" classname="agh.ics.oop.RectangularMapTest" time="0.019"/>
  <system-out><![CDATA[ y\x  0 1 2 3 4 5 6 7 8 910111213141516
 17: -----------------------------------
 16: | | | | | | | | | | | | | | | | | |
 15: | | | | | | | | | | | | | | | | | |
 14: | | | | | | | | | | | | | | | | | |
 13: | | | | | | | | | | | | | | | | | |
 12: | | | | | | | | | | | | | | | | | |
 11: | | | | | | | | | | | | | | | | | |
 10: | | | | | | | | | | | | | | | | | |
  9: | | | | | | | | | | | | | | | | | |
  8: | | | | | | | | | | | | | | | | | |
  7: | | | | | | | | | | | | | | | | | |
  6: | | | | | | | | | | | | | | | | | |
  5: | | | | | | | | | | | | | | | | | |
  4: | | | | | | | | | | | | | | | | | |
  3: | | |N| | | | | | | | | | | | | | |
  2: | |N| | | | | | | | | | | | | | | |
  1: | | | | | | | | | | | | | | | | | |
  0: | | | | | | | | | | | | | | | | | |
 -1: -----------------------------------

 y\x  0 1 2 3 4 5 6 7 8 910111213141516
 17: -----------------------------------
 16: | | | | | | | | | | | | | | | | | |
 15: | | | | | | | | | | | | | | | | | |
 14: | | | | | | | | | | | | | | | | | |
 13: | | | | | | | | | | | | | | | | | |
 12: | | | | | | | | | | | | | | | | | |
 11: | | | | | | | | | | | | | | | | | |
 10: | | | | | | | | | | | | | | | | | |
  9: | | | | | | | | | | | | | | | | | |
  8: | | | | | | | | | | | | | | | | | |
  7: | | | | | | | | | | | | | | | | | |
  6: | | | | | | | | | | | | | | | | | |
  5: | | | | | | | | | | | | | | | | | |
  4: | | | | | | | | | | | | | | | | | |
  3: | |N|N| | | | | | | | | | | | | | |
  2: | | | | | | | | | | | | | | | | | |
  1: | | | | | | | | | | | | | | | | | |
  0: | | | | | | | | | | | | | | | | | |
 -1: -----------------------------------

 y\x  0 1 2 3 4 5 6 7 8 910111213141516
 17: -----------------------------------
 16: | | | | | | | | | | | | | | | | | |
 15: | | | | | | | | | | | | | | | | | |
 14: | | | | | | | | | | | | | | | | | |
 13: | | | | | | | | | | | | | | | | | |
 12: | | | | | | | | | | | | | | | | | |
 11: | | | | | | | | | | | | | | | | | |
 10: | | | | | | | | | | | | | | | | | |
  9: | | | | | | | | | | | | | | | | | |
  8: | | | | | | | | | | | | | | | | | |
  7: | | | | | | | | | | | | | | | | | |
  6: | | | | | | | | | | | | | | | | | |
  5: | | | | | | | | | | | | | | | | | |
  4: | | | | | | | | | | | | | | | | | |
  3: | |N|W| | | | | | | | | | | | | | |
  2: | | | | | | | | | | | | | | | | | |
  1: | | | | | | | | | | | | | | | | | |
  0: | | | | | | | | | | | | | | | | | |
 -1: -----------------------------------

 y\x  0 1 2 3 4 5 6 7 8 910111213141516
 17: -----------------------------------
 16: | | | | | | | | | | | | | | | | | |
 15: | | | | | | | | | | | | | | | | | |
 14: | | | | | | | | | | | | | | | | | |
 13: | | | | | | | | | | | | | | | | | |
 12: | | | | | | | | | | | | | | | | | |
 11: | | | | | | | | | | | | | | | | | |
 10: | | | | | | | | | | | | | | | | | |
  9: | | | | | | | | | | | | | | | | | |
  8: | | | | | | | | | | | | | | | | | |
  7: | | | | | | | | | | | | | | | | | |
  6: | | | | | | | | | | | | | | | | | |
  5: | | | | | | | | | | | | | | | | | |
  4: | | | | | | | | | | | | | | | | | |
  3: | |E|W| | | | | | | | | | | | | | |
  2: | | | | | | | | | | | | | | | | | |
  1: | | | | | | | | | | | | | | | | | |
  0: | | | | | | | | | | | | | | | | | |
 -1: -----------------------------------

 y\x  0 1 2 3 4 5 6 7 8 910111213141516
 17: -----------------------------------
 16: | | | | | | | | | | | | | | | | | |
 15: | | | | | | | | | | | | | | | | | |
 14: | | | | | | | | | | | | | | | | | |
 13: | | | | | | | | | | | | | | | | | |
 12: | | | | | | | | | | | | | | | | | |
 11: | | | | | | | | | | | | | | | | | |
 10: | | | | | | | | | | | | | | | | | |
  9: | | | | | | | | | | | | | | | | | |
  8: | | | | | | | | | | | | | | | | | |
  7: | | | | | | | | | | | | | | | | | |
  6: | | | | | | | | | | | | | | | | | |
  5: | | | | | | | | | | | | | | | | | |
  4: | | | | | | | | | | | | | | | | | |
  3: | |E|W| | | | | | | | | | | | | | |
  2: | | | | | | | | | | | | | | | | | |
  1: | | | | | | | | | | | | | | | | | |
  0: | | | | | | | | | | | | | | | | | |
 -1: -----------------------------------

 y\x  0 1 2 3 4 5 6 7 8 910111213141516
 17: -----------------------------------
 16: | | | | | | | | | | | | | | | | | |
 15: | | | | | | | | | | | | | | | | | |
 14: | | | | | | | | | | | | | | | | | |
 13: | | | | | | | | | | | | | | | | | |
 12: | | | | | | | | | | | | | | | | | |
 11: | | | | | | | | | | | | | | | | | |
 10: | | | | | | | | | | | | | | | | | |
  9: | | | | | | | | | | | | | | | | | |
  8: | | | | | | | | | | | | | | | | | |
  7: | | | | | | | | | | | | | | | | | |
  6: | | | | | | | | | | | | | | | | | |
  5: | | | | | | | | | | | | | | | | | |
  4: | | | | | | | | | | | | | | | | | |
  3: | |E|W| | | | | | | | | | | | | | |
  2: | | | | | | | | | | | | | | | | | |
  1: | | | | | | | | | | | | | | | | | |
  0: | | | | | | | | | | | | | | | | | |
 -1: -----------------------------------

 y\x  0 1 2 3 4 5 6 7 8 910111213141516
 17: -----------------------------------
 16: | | | | | | | | | | | | | | | | | |
 15: | | | | | | | | | | | | | | | | | |
 14: | | | | | | | | | | | | | | | | | |
 13: | | | | | | | | | | | | | | | | | |
 12: | | | | | | | | | | | | | | | | | |
 11: | | | | | | | | | | | | | | | | | |
 10: | | | | | | | | | | | | | | | | | |
  9: | | | | | | | | | | | | | | | | | |
  8: | | | | | | | | | | | | | | | | | |
  7: | | | | | | | | | | | | | | | | | |
  6: | | | | | | | | | | | | | | | | | |
  5: | | | | | | | | | | | | | | | | | |
  4: | | | | | | | | | | | | | | | | | |
  3: | | |N| | | | | | | | | | | | | | |
  2: | |N| | | | | | | | | | | | | | | |
  1: | | | | | | | | | | | | | | | | | |
  0: | | | | | | | | | | | | | | | | | |
 -1: -----------------------------------

 y\x  0 1 2 3 4 5 6 7 8 910111213141516
 17: -----------------------------------
 16: | | | | | | | | | | | | | | | | | |
 15: | | | | | | | | | | | | | | | | | |
 14: | | | | | | | | | | | | | | | | | |
 13: | | | | | | | | | | | | | | | | | |
 12: | | | | | | | | | | | | | | | | | |
 11: | | | | | | | | | | | | | | | | | |
 10: | | | | | | | | | | | | | | | | | |
  9: | | | | | | | | | | | | | | | | | |
  8: | | | | | | | | | | | | | | | | | |
  7: | | | | | | | | | | | | | | | | | |
  6: | | | | | | | | | | | | | | | | | |
  5: | | | | | | | | | | | | | | | | | |
  4: | | | | | | | | | | | | | | | | | |
  3: | |N|N| | | | | | | | | | | | | | |
  2: | | | | | | | | | | | | | | | | | |
  1: | | | | | | | | | | | | | | | | | |
  0: | | | | | | | | | | | | | | | | | |
 -1: -----------------------------------

 y\x  0 1 2 3 4 5 6 7 8 910111213141516
 17: -----------------------------------
 16: | | | | | | | | | | | | | | | | | |
 15: | | | | | | | | | | | | | | | | | |
 14: | | | | | | | | | | | | | | | | | |
 13: | | | | | | | | | | | | | | | | | |
 12: | | | | | | | | | | | | | | | | | |
 11: | | | | | | | | | | | | | | | | | |
 10: | | | | | | | | | | | | | | | | | |
  9: | | | | | | | | | | | | | | | | | |
  8: | | | | | | | | | | | | | | | | | |
  7: | | | | | | | | | | | | | | | | | |
  6: | | | | | | | | | | | | | | | | | |
  5: | | | | | | | | | | | | | | | | | |
  4: | | | | | | | | | | | | | | | | | |
  3: | |N|W| | | | | | | | | | | | | | |
  2: | | | | | | | | | | | | | | | | | |
  1: | | | | | | | | | | | | | | | | | |
  0: | | | | | | | | | | | | | | | | | |
 -1: -----------------------------------

 y\x  0 1 2 3 4 5 6 7 8 910111213141516
 17: -----------------------------------
 16: | | | | | | | | | | | | | | | | | |
 15: | | | | | | | | | | | | | | | | | |
 14: | | | | | | | | | | | | | | | | | |
 13: | | | | | | | | | | | | | | | | | |
 12: | | | | | | | | | | | | | | | | | |
 11: | | | | | | | | | | | | | | | | | |
 10: | | | | | | | | | | | | | | | | | |
  9: | | | | | | | | | | | | | | | | | |
  8: | | | | | | | | | | | | | | | | | |
  7: | | | | | | | | | | | | | | | | | |
  6: | | | | | | | | | | | | | | | | | |
  5: | | | | | | | | | | | | | | | | | |
  4: | | | | | | | | | | | | | | | | | |
  3: | |E|W| | | | | | | | | | | | | | |
  2: | | | | | | | | | | | | | | | | | |
  1: | | | | | | | | | | | | | | | | | |
  0: | | | | | | | | | | | | | | | | | |
 -1: -----------------------------------

 y\x  0 1 2 3 4 5 6 7 8 910111213141516
 17: -----------------------------------
 16: | | | | | | | | | | | | | | | | | |
 15: | | | | | | | | | | | | | | | | | |
 14: | | | | | | | | | | | | | | | | | |
 13: | | | | | | | | | | | | | | | | | |
 12: | | | | | | | | | | | | | | | | | |
 11: | | | | | | | | | | | | | | | | | |
 10: | | | | | | | | | | | | | | | | | |
  9: | | | | | | | | | | | | | | | | | |
  8: | | | | | | | | | | | | | | | | | |
  7: | | | | | | | | | | | | | | | | | |
  6: | | | | | | | | | | | | | | | | | |
  5: | | | | | | | | | | | | | | | | | |
  4: | | | | | | | | | | | | | | | | | |
  3: | |E|W| | | | | | | | | | | | | | |
  2: | | | | | | | | | | | | | | | | | |
  1: | | | | | | | | | | | | | | | | | |
  0: | | | | | | | | | | | | | | | | | |
 -1: -----------------------------------

 y\x  0 1 2 3 4 5 6 7 8 910111213141516
 17: -----------------------------------
 16: | | | | | | | | | | | | | | | | | |
 15: | | | | | | | | | | | | | | | | | |
 14: | | | | | | | | | | | | | | | | | |
 13: | | | | | | | | | | | | | | | | | |
 12: | | | | | | | | | | | | | | | | | |
 11: | | | | | | | | | | | | | | | | | |
 10: | | | | | | | | | | | | | | | | | |
  9: | | | | | | | | | | | | | | | | | |
  8: | | | | | | | | | | | | | | | | | |
  7: | | | | | | | | | | | | | | | | | |
  6: | | | | | | | | | | | | | | | | | |
  5: | | | | | | | | | | | | | | | | | |
  4: | | | | | | | | | | | | | | | | | |
  3: | |E|W| | | | | | | | | | | | | | |
  2: | | | | | | | | | | | | | | | | | |
  1: | | | | | | | | | | | | | | | | | |
  0: | | | | | | | | | | | | | | | | | |
 -1: -----------------------------------

 y\x  0 1 2 3 4 5 6 7 8 910111213141516
 17: -----------------------------------
 16: | | | | | | | | | | | | | | | | | |
 15: | | | | | | | | | | | | | | | | | |
 14: | | | | | | | | | | | | | | | | | |
 13: | | | | | | | | | | | | | | | | | |
 12: | | | | | | | | | | | | | | | | | |
 11: | | | | | | | | | | | | | | | | | |
 10: | | | | | | | | | | | | | | | | | |
  9: | | | | | | | | | | | | | | | | | |
  8: | | | | | | | | | | | | | | | | | |
  7: | | | | | | | | | | | | | | | | | |
  6: | | | | | | | | | | | | | | | | | |
  5: | | | | | | | | | | | | | | | | | |
  4: | | | | | | | | | | | | | | | | | |
  3: | | |N| | | | | | | | | | | | | | |
  2: | |N| | | | | | | | | | | | | | | |
  1: | | | | | | | | | | | | | | | | | |
  0: | | | | | | | | | | | | | | | | | |
 -1: -----------------------------------

 y\x  0 1 2 3 4 5 6 7 8 910111213141516
 17: -----------------------------------
 16: | | | | | | | | | | | | | | | | | |
 15: | | | | | | | | | | | | | | | | | |
 14: | | | | | | | | | | | | | | | | | |
 13: | | | | | | | | | | | | | | | | | |
 12: | | | | | | | | | | | | | | | | | |
 11: | | | | | | | | | | | | | | | | | |
 10: | | | | | | | | | | | | | | | | | |
  9: | | | | | | | | | | | | | | | | | |
  8: | | | | | | | | | | | | | | | | | |
  7: | | | | | | | | | | | | | | | | | |
  6: | | | | | | | | | | | | | | | | | |
  5: | | | | | | | | | | | | | | | | | |
  4: | | | | | | | | | | | | | | | | | |
  3: | |N|N| | | | | | | | | | | | | | |
  2: | | | | | | | | | | | | | | | | | |
  1: | | | | | | | | | | | | | | | | | |
  0: | | | | | | | | | | | | | | | | | |
 -1: -----------------------------------

 y\x  0 1 2 3 4 5 6 7 8 910111213141516
 17: -----------------------------------
 16: | | | | | | | | | | | | | | | | | |
 15: | | | | | | | | | | | | | | | | | |
 14: | | | | | | | | | | | | | | | | | |
 13: | | | | | | | | | | | | | | | | | |
 12: | | | | | | | | | | | | | | | | | |
 11: | | | | | | | | | | | | | | | | | |
 10: | | | | | | | | | | | | | | | | | |
  9: | | | | | | | | | | | | | | | | | |
  8: | | | | | | | | | | | | | | | | | |
  7: | | | | | | | | | | | | | | | | | |
  6: | | | | | | | | | | | | | | | | | |
  5: | | | | | | | | | | | | | | | | | |
  4: | | | | | | | | | | | | | | | | | |
  3: | |N|W| | | | | | | | | | | | | | |
  2: | | | | | | | | | | | | | | | | | |
  1: | | | | | | | | | | | | | | | | | |
  0: | | | | | | | | | | | | | | | | | |
 -1: -----------------------------------

 y\x  0 1 2 3 4 5 6 7 8 910111213141516
 17: -----------------------------------
 16: | | | | | | | | | | | | | | | | | |
 15: | | | | | | | | | | | | | | | | | |
 14: | | | | | | | | | | | | | | | | | |
 13: | | | | | | | | | | | | | | | | | |
 12: | | | | | | | | | | | | | | | | | |
 11: | | | | | | | | | | | | | | | | | |
 10: | | | | | | | | | | | | | | | | | |
  9: | | | | | | | | | | | | | | | | | |
  8: | | | | | | | | | | | | | | | | | |
  7: | | | | | | | | | | | | | | | | | |
  6: | | | | | | | | | | | | | | | | | |
  5: | | | | | | | | | | | | | | | | | |
  4: | | | | | | | | | | | | | | | | | |
  3: | |E|W| | | | | | | | | | | | | | |
  2: | | | | | | | | | | | | | | | | | |
  1: | | | | | | | | | | | | | | | | | |
  0: | | | | | | | | | | | | | | | | | |
 -1: -----------------------------------

 y\x  0 1 2 3 4 5 6 7 8 910111213141516
 17: -----------------------------------
 16: | | | | | | | | | | | | | | | | | |
 15: | | | | | | | | | | | | | | | | | |
 14: | | | | | | | | | | | | | | | | | |
 13: | | | | | | | | | | | | | | | | | |
 12: | | | | | | | | | | | | | | | | | |
 11: | | | | | | | | | | | | | | | | | |
 10: | | | | | | | | | | | | | | | | | |
  9: | | | | | | | | | | | | | | | | | |
  8: | | | | | | | | | | | | | | | | | |
  7: | | | | | | | | | | | | | | | | | |
  6: | | | | | | | | | | | | | | | | | |
  5: | | | | | | | | | | | | | | | | | |
  4: | | | | | | | | | | | | | | | | | |
  3: | |E|W| | | | | | | | | | | | | | |
  2: | | | | | | | | | | | | | | | | | |
  1: | | | | | | | | | | | | | | | | | |
  0: | | | | | | | | | | | | | | | | | |
 -1: -----------------------------------

 y\x  0 1 2 3 4 5 6 7 8 910111213141516
 17: -----------------------------------
 16: | | | | | | | | | | | | | | | | | |
 15: | | | | | | | | | | | | | | | | | |
 14: | | | | | | | | | | | | | | | | | |
 13: | | | | | | | | | | | | | | | | | |
 12: | | | | | | | | | | | | | | | | | |
 11: | | | | | | | | | | | | | | | | | |
 10: | | | | | | | | | | | | | | | | | |
  9: | | | | | | | | | | | | | | | | | |
  8: | | | | | | | | | | | | | | | | | |
  7: | | | | | | | | | | | | | | | | | |
  6: | | | | | | | | | | | | | | | | | |
  5: | | | | | | | | | | | | | | | | | |
  4: | | | | | | | | | | | | | | | | | |
  3: | |E|W| | | | | | | | | | | | | | |
  2: | | | | | | | | | | | | | | | | | |
  1: | | | | | | | | | | | | | | | | | |
  0: | | | | | | | | | | | | | | | | | |
 -1: -----------------------------------

 y\x  0 1 2 3 4 5 6 7 8 910111213141516
 17: -----------------------------------
 16: | | | | | | | | | | | | | | | | | |
 15: | | | | | | | | | | | | | | | | | |
 14: | | | | | | | | | | | | | | | | | |
 13: | | | | | | | | | | | | | | | | | |
 12: | | | | | | | | | | | | | | | | | |
 11: | | | | | | | | | | | | | | | | | |
 10: | | | | | | | | | | | | | | | | | |
  9: | | | | | | | | | | | | | | | | | |
  8: | | | | | | | | | | | | | | | | | |
  7: | | | | | | | | | | | | | | | | | |
  6: | | | | | | | | | | | | | | | | | |
  5: | | | | | | | | | | | | | | | | | |
  4: | | | | | | | | | | | | | | | | | |
  3: | | |N| | | | | | | | | | | | | | |
  2: | |N| | | | | | | | | | | | | | | |
  1: | | | | | | | | | | | | | | | | | |
  0: | | | | | | | | | | | | | | | | | |
 -1: -----------------------------------

 y\x  0 1 2 3 4 5 6 7 8 910111213141516
 17: -----------------------------------
 16: | | | | | | | | | | | | | | | | | |
 15: | | | | | | | | | | | | | | | | | |
 14: | | | | | | | | | | | | | | | | | |
 13: | | | | | | | | | | | | | | | | | |
 12: | | | | | | | | | | | | | | | | | |
 11: | | | | | | | | | | | | | | | | | |
 10: | | | | | | | | | | | | | | | | | |
  9: | | | | | | | | | | | | | | | | | |
  8: | | | | | | | | | | | | | | | | | |
  7: | | | | | | | | | | | | | | | | | |
  6: | | | | | | | | | | | | | | | | | |
  5: | | | | | | | | | | | | | | | | | |
  4: | | | | | | | | | | | | | | | | | |
  3: | |N|N| | | | | | | | | | | | | | |
  2: | | | | | | | | | | | | | | | | | |
  1: | | | | | | | | | | | | | | | | | |
  0: | | | | | | | | | | | | | | | | | |
 -1: -----------------------------------

 y\x  0 1 2 3 4 5 6 7 8 910111213141516
 17: -----------------------------------
 16: | | | | | | | | | | | | | | | | | |
 15: | | | | | | | | | | | | | | | | | |
 14: | | | | | | | | | | | | | | | | | |
 13: | | | | | | | | | | | | | | | | | |
 12: | | | | | | | | | | | | | | | | | |
 11: | | | | | | | | | | | | | | | | | |
 10: | | | | | | | | | | | | | | | | | |
  9: | | | | | | | | | | | | | | | | | |
  8: | | | | | | | | | | | | | | | | | |
  7: | | | | | | | | | | | | | | | | | |
  6: | | | | | | | | | | | | | | | | | |
  5: | | | | | | | | | | | | | | | | | |
  4: | | | | | | | | | | | | | | | | | |
  3: | |N|W| | | | | | | | | | | | | | |
  2: | | | | | | | | | | | | | | | | | |
  1: | | | | | | | | | | | | | | | | | |
  0: | | | | | | | | | | | | | | | | | |
 -1: -----------------------------------

 y\x  0 1 2 3 4 5 6 7 8 910111213141516
 17: -----------------------------------
 16: | | | | | | | | | | | | | | | | | |
 15: | | | | | | | | | | | | | | | | | |
 14: | | | | | | | | | | | | | | | | | |
 13: | | | | | | | | | | | | | | | | | |
 12: | | | | | | | | | | | | | | | | | |
 11: | | | | | | | | | | | | | | | | | |
 10: | | | | | | | | | | | | | | | | | |
  9: | | | | | | | | | | | | | | | | | |
  8: | | | | | | | | | | | | | | | | | |
  7: | | | | | | | | | | | | | | | | | |
  6: | | | | | | | | | | | | | | | | | |
  5: | | | | | | | | | | | | | | | | | |
  4: | | | | | | | | | | | | | | | | | |
  3: | |E|W| | | | | | | | | | | | | | |
  2: | | | | | | | | | | | | | | | | | |
  1: | | | | | | | | | | | | | | | | | |
  0: | | | | | | | | | | | | | | | | | |
 -1: -----------------------------------

 y\x  0 1 2 3 4 5 6 7 8 910111213141516
 17: -----------------------------------
 16: | | | | | | | | | | | | | | | | | |
 15: | | | | | | | | | | | | | | | | | |
 14: | | | | | | | | | | | | | | | | | |
 13: | | | | | | | | | | | | | | | | | |
 12: | | | | | | | | | | | | | | | | | |
 11: | | | | | | | | | | | | | | | | | |
 10: | | | | | | | | | | | | | | | | | |
  9: | | | | | | | | | | | | | | | | | |
  8: | | | | | | | | | | | | | | | | | |
  7: | | | | | | | | | | | | | | | | | |
  6: | | | | | | | | | | | | | | | | | |
  5: | | | | | | | | | | | | | | | | | |
  4: | | | | | | | | | | | | | | | | | |
  3: | |E|W| | | | | | | | | | | | | | |
  2: | | | | | | | | | | | | | | | | | |
  1: | | | | | | | | | | | | | | | | | |
  0: | | | | | | | | | | | | | | | | | |
 -1: -----------------------------------

 y\x  0 1 2 3 4 5 6 7 8 910111213141516
 17: -----------------------------------
 16: | | | | | | | | | | | | | | | | | |
 15: | | | | | | | | | | | | | | | | | |
 14: | | | | | | | | | | | | | | | | | |
 13: | | | | | | | | | | | | | | | | | |
 12: | | | | | | | | | | | | | | | | | |
 11: | | | | | | | | | | | | | | | | | |
 10: | | | | | | | | | | | | | | | | | |
  9: | | | | | | | | | | | | | | | | | |
  8: | | | | | | | | | | | | | | | | | |
  7: | | | | | | | | | | | | | | | | | |
  6: | | | | | | | | | | | | | | | | | |
  5: | | | | | | | | | | | | | | | | | |
  4: | | | | | | | | | | | | | | | | | |
  3: | |E|W| | | | | | | | | | | | | | |
  2: | | | | | | | | | | | | | | | | | |
  1: | | | | | | | | | | | | | | | | | |
  0: | | | | | | | | | | | | | | | | | |
 -1: -----------------------------------

 y\x  0 1 2 3 4 5 6 7 8 910111213141516
 17: -----------------------------------
 16: | | | | | | | | | | | | | | | | | |
 15: | | | | | | | | | | | | | | | | | |
 14: | | | | | | | | | | | | | | | | | |
 13: | | | | | | | | | | | | | | | | | |
 12: | | | | | | | | | | | | | | | | | |
 11: | | | | | | | | | | | | | | | | | |
 10: | | | | | | | | | | | | | | | | | |
  9: | | | | | | | | | | | | | | | | | |
  8: | | | | | | | | | | | | | | | | | |
  7: | | | | | | | | | | | | | | | | | |
  6: | | | | | | | | | | | | | | | | | |
  5: | | | | | | | | | | | | | | | | | |
  4: | | | | | | | | | | | | | | | | | |
  3: | |E|W| | | | | | | | | | | | | | |
  2: | | |N| | | | | | | | | | | | | | |
  1: | | | | | | | | | | | | | | | | | |
  0: | | | | | | | | | | | | | | | | | |
 -1: -----------------------------------

 y\x  0 1 2 3 4 5 6 7 8 910111213141516
 17: -----------------------------------
 16: | | | | | | | | | | | | | | | | | |
 15: | | | | | | | | | | | | | | | | | |
 14: | | | | | | | | | | | | | | | | | |
 13: | | | | | | | | | | | | | | | | | |
 12: | | | | | | | | | | | | | | | | | |
 11: | | | | | | | | | | | | | | | | | |
 10: | | | | | | | | | | | | | | | | | |
  9: | | | | | | | | | | | | | | | | | |
  8: | | | | | | | | | | | | | | | | | |
  7: | | | | | | | | | | | | | | | | | |
  6: | | | | | | | | | | | | | | | | | |
  5: | | | | | | | | | | | | | | | | | |
  4: | | | | | | | | | | | | | | | | | |
  3: | |E|W| | | | | | | | | | | | | | |
  2: | | |N| | | | | | | | | | | | | | |
  1: | | | | | | | | | | | | | | | | | |
  0: | | | | | | | | | | | | | | | | | |
 -1: -----------------------------------

 y\x  0 1 2 3 4 5 6 7 8 910111213141516
 17: -----------------------------------
 16: | | | | | | | | | | | | | | | | | |
 15: | | | | | | | | | | | | | | | | | |
 14: | | | | | | | | | | | | | | | | | |
 13: | | | | | | | | | | | | | | | | | |
 12: | | | | | | | | | | | | | | | | | |
 11: | | | | | | | | | | | | | | | | | |
 10: | | | | | | | | | | | | | | | | | |
  9: | | | | | | | | | | | | | | | | | |
  8: | | | | | | | | | | | | | | | | | |
  7: | | | | | | | | | | | | | | | | | |
  6: | | | | | | | | | | | | | | | | | |
  5: | | | | | | | | | | | | | | | | | |
  4: | | | | | | | | | | | | | | | | | |
  3: | |E|W| | | | | | | | | | | | | | |
  2: | | |N| | | | | | | | | | | | | | |
  1: | | | | | | | | | | | | | | | | | |
  0: | | | | | | | | | | | | | | | | | |
 -1: -----------------------------------

 y\x  0 1 2 3 4 5 6 7 8 910111213141516
 17: -----------------------------------
 16: | | | | | | | | | | | | | | | | | |
 15: | | | | | | | | | | | | | | | | | |
 14: | | | | | | | | | | | | | | | | | |
 13: | | | | | | | | | | | | | | | | | |
 12: | | | | | | | | | | | | | | | | | |
 11: | | | | | | | | | | | | | | | | | |
 10: | | | | | | | | | | | | | | | | | |
  9: | | | | | | | | | | | | | | | | | |
  8: | | | | | | | | | | | | | | | | | |
  7: | | | | | | | | | | | | | | | | | |
  6: | | | | | | | | | | | | | | | | | |
  5: | | | | | | | | | | | | | | | | | |
  4: | | | | | | | | | | | | | | | | | |
  3: | |E|S| | | | | | | | | | | | | | |
  2: | | |N| | | | | | | | | | | | | | |
  1: | | | | | | | | | | | | | | | | | |
  0: | | | | | | | | | | | | | | | | | |
 -1: -----------------------------------

 y\x  0 1 2 3 4 5 6 7 8 910111213141516
 17: -----------------------------------
 16: | | | | | | | | | | | | | | | | | |
 15: | | | | | | | | | | | | | | | | | |
 14: | | | | | | | | | | | | | | | | | |
 13: | | | | | | | | | | | | | | | | | |
 12: | | | | | | | | | | | | | | | | | |
 11: | | | | | | | | | | | | | | | | | |
 10: | | | | | | | | | | | | | | | | | |
  9: | | | | | | | | | | | | | | | | | |
  8: | | | | | | | | | | | | | | | | | |
  7: | | | | | | | | | | | | | | | | | |
  6: | | | | | | | | | | | | | | | | | |
  5: | | | | | | | | | | | | | | | | | |
  4: | | | | | | | | | | | | | | | | | |
  3: | |E|S| | | | | | | | | | | | | | |
  2: | | |E| | | | | | | | | | | | | | |
  1: | | | | | | | | | | | | | | | | | |
  0: | | | | | | | | | | | | | | | | | |
 -1: -----------------------------------

 y\x  0 1 2 3 4 5 6 7 8 910111213141516
 17: -----------------------------------
 16: | | | | | | | | | | | | | | | | | |
 15: | | | | | | | | | | | | | | | | | |
 14: | | | | | | | | | | | | | | | | | |
 13: | | | | | | | | | | | | | | | | | |
 12: | | | | | | | | | | | | | | | | | |
 11: | | | | | | | | | | | | | | | | | |
 10: | | | | | | | | | | | | | | | | | |
  9: | | | | | | | | | | | | | | | | | |
  8: | | | | | | | | | | | | | | | | | |
  7: | | | | | | | | | | | | | | | | | |
  6: | | | | | | | | | | | | | | | | | |
  5: | | | | | | | | | | | | | | | | | |
  4: | | | | | | | | | | | | | | | | | |
  3: | |E|S| | | | | | | | | | | | | | |
  2: | | |E| | | | | | | | | | | | | | |
  1: | | | | | | | | | | | | | | | | | |
  0: | | | | | | | | | | | | | | | | | |
 -1: -----------------------------------

 y\x  0 1 2 3 4 5 6 7 8 910111213141516
 17: -----------------------------------
 16: | | | | | | | | | | | | | | | | | |
 15: | | | | | | | | | | | | | | | | | |
 14: | | | | | | | | | | | | | | | | | |
 13: | | | | | | | | | | | | | | | | | |
 12: | | | | | | | | | | | | | | | | | |
 11: | | | | | | | | | | | | | | | | | |
 10: | | | | | | | | | | | | | | | | | |
  9: | | | | | | | | | | | | | | | | | |
  8: | | | | | | | | | | | | | | | | | |
  7: | | | | | | | | | | | | | | | | | |
  6: | | | | | | | | | | | | | | | | | |
  5: | | | | | | | | | | | | | | | | | |
  4: | | | | | | | | | | | | | | | | | |
  3: | |E|S| | | | | | | | | | | | | | |
  2: | | |E| | | | | | | | | | | | | | |
  1: | | | | | | | | | | | | | | | | | |
  0: | | | | | | | | | | | | | | | | | |
 -1: -----------------------------------

]]></system-out>
  <system-err><![CDATA[]]></system-err>
</testsuite>
